<?xml version="1.0" encoding="UTF-8"?>
<!-- Generated by org.testng.reporters.JUnitReportReporter -->
<testsuite hostname="Teresa-VAIO" name="com.IfWe.testcases.GoogleSearchTest" tests="4" failures="0" timestamp="7 Sep 2016 09:16:34 GMT" time="52.374" errors="0">
  <testcase name="testMethod" time="9.232" classname="com.IfWe.testcases.GoogleSearchTest"/>
  <testcase name="testMethod" time="19.884" classname="com.IfWe.testcases.GoogleSearchTest"/>
  <testcase name="testMethod" time="9.532" classname="com.IfWe.testcases.GoogleSearchTest"/>
  <testcase name="testMethod" time="13.726" classname="com.IfWe.testcases.GoogleSearchTest"/>
</testsuite> <!-- com.IfWe.testcases.GoogleSearchTest -->
